<?xml version="1.0" encoding="UTF-8"?>
<testng-results ignored="0" total="11" passed="10" failed="1" skipped="0">
  <reporter-output>
    <line>
      <![CDATA[setting Done]]>
    </line>
    <line>
      <![CDATA[setting Done]]>
    </line>
  </reporter-output>
  <suite started-at="2022-06-05T18:23:14 IST" name="Suite" finished-at="2022-06-05T18:25:34 IST" duration-ms="139965">
    <groups>
    </groups>
    <test started-at="2022-06-05T18:23:14 IST" name="Test" finished-at="2022-06-05T18:25:34 IST" duration-ms="139965">
      <class name="tests.AllTest">
        <test-method is-config="true" signature="setup()[pri:0, instance:tests.AllTest@2145b572]" started-at="2022-06-05T18:23:14 IST" name="setup" finished-at="2022-06-05T18:23:17 IST" duration-ms="2570" status="PASS">
          <reporter-output>
            <line>
              <![CDATA[setting Done]]>
            </line>
          </reporter-output>
        </test-method> <!-- setup -->
        <test-method signature="Pay_with_creditCard()[pri:0, instance:tests.AllTest@2145b572]" started-at="2022-06-05T18:23:17 IST" name="Pay_with_creditCard" finished-at="2022-06-05T18:23:24 IST" duration-ms="7073" status="PASS">
          <reporter-output>
          </reporter-output>
        </test-method> <!-- Pay_with_creditCard -->
        <test-method signature="Buy()[pri:1, instance:tests.AllTest@2145b572]" started-at="2022-06-05T18:23:24 IST" name="Buy" finished-at="2022-06-05T18:23:38 IST" duration-ms="14424" status="PASS">
          <reporter-output>
          </reporter-output>
        </test-method> <!-- Buy -->
        <test-method signature="Painting_And_Cleaning()[pri:3, instance:tests.AllTest@2145b572]" started-at="2022-06-05T18:23:38 IST" name="Painting_And_Cleaning" finished-at="2022-06-05T18:24:08 IST" duration-ms="29836" status="PASS">
          <reporter-output>
          </reporter-output>
        </test-method> <!-- Painting_And_Cleaning -->
        <test-method signature="PG()[pri:4, instance:tests.AllTest@2145b572]" started-at="2022-06-05T18:24:08 IST" name="PG" finished-at="2022-06-05T18:24:13 IST" duration-ms="5305" status="FAIL">
          <exception class="org.openqa.selenium.NoSuchElementException">
            <message>
              <![CDATA[no such element: Unable to locate element: {"method":"xpath","selector":"//input[@id='PG']"}
  (Session info: chrome=102.0.5005.63)
For documentation on this error, please visit: http://seleniumhq.org/exceptions/no_such_element.html
Build info: version: '3.141.0', revision: '2ecb7d9a', time: '2018-10-31T20:09:30'
System info: host: 'HP', ip: '192.168.29.45', os.name: 'Windows 11', os.arch: 'amd64', os.version: '10.0', java.version: '18.0.1.1'
Driver info: org.openqa.selenium.chrome.ChromeDriver
Capabilities {acceptInsecureCerts: false, browserName: chrome, browserVersion: 102.0.5005.63, chrome: {chromedriverVersion: 101.0.4951.41 (93c720db8323..., userDataDir: C:\Users\abhi8\AppData\Loca...}, goog:chromeOptions: {debuggerAddress: localhost:49338}, javascriptEnabled: true, networkConnectionEnabled: false, pageLoadStrategy: normal, platform: WINDOWS, platformName: WINDOWS, proxy: Proxy(), setWindowRect: true, strictFileInteractability: false, timeouts: {implicit: 0, pageLoad: 300000, script: 30000}, unhandledPromptBehavior: dismiss and notify, webauthn:extension:credBlob: true, webauthn:extension:largeBlob: true, webauthn:virtualAuthenticators: true}
Session ID: 44d46471cdc7bb1696e5cc0a7943ce2e
*** Element info: {Using=xpath, value=//input[@id='PG']}]]>
            </message>
            <full-stacktrace>
              <![CDATA[org.openqa.selenium.NoSuchElementException: no such element: Unable to locate element: {"method":"xpath","selector":"//input[@id='PG']"}
  (Session info: chrome=102.0.5005.63)
For documentation on this error, please visit: http://seleniumhq.org/exceptions/no_such_element.html
Build info: version: '3.141.0', revision: '2ecb7d9a', time: '2018-10-31T20:09:30'
System info: host: 'HP', ip: '192.168.29.45', os.name: 'Windows 11', os.arch: 'amd64', os.version: '10.0', java.version: '18.0.1.1'
Driver info: org.openqa.selenium.chrome.ChromeDriver
Capabilities {acceptInsecureCerts: false, browserName: chrome, browserVersion: 102.0.5005.63, chrome: {chromedriverVersion: 101.0.4951.41 (93c720db8323..., userDataDir: C:\Users\abhi8\AppData\Loca...}, goog:chromeOptions: {debuggerAddress: localhost:49338}, javascriptEnabled: true, networkConnectionEnabled: false, pageLoadStrategy: normal, platform: WINDOWS, platformName: WINDOWS, proxy: Proxy(), setWindowRect: true, strictFileInteractability: false, timeouts: {implicit: 0, pageLoad: 300000, script: 30000}, unhandledPromptBehavior: dismiss and notify, webauthn:extension:credBlob: true, webauthn:extension:largeBlob: true, webauthn:virtualAuthenticators: true}
Session ID: 44d46471cdc7bb1696e5cc0a7943ce2e
*** Element info: {Using=xpath, value=//input[@id='PG']}
at java.base/jdk.internal.reflect.DirectConstructorHandleAccessor.newInstance(DirectConstructorHandleAccessor.java:67)
at java.base/java.lang.reflect.Constructor.newInstanceWithCaller(Constructor.java:499)
at java.base/java.lang.reflect.Constructor.newInstance(Constructor.java:483)
at org.openqa.selenium.remote.http.W3CHttpResponseCodec.createException(W3CHttpResponseCodec.java:187)
at org.openqa.selenium.remote.http.W3CHttpResponseCodec.decode(W3CHttpResponseCodec.java:122)
at org.openqa.selenium.remote.http.W3CHttpResponseCodec.decode(W3CHttpResponseCodec.java:49)
at org.openqa.selenium.remote.HttpCommandExecutor.execute(HttpCommandExecutor.java:158)
at org.openqa.selenium.remote.service.DriverCommandExecutor.execute(DriverCommandExecutor.java:83)
at org.openqa.selenium.remote.RemoteWebDriver.execute(RemoteWebDriver.java:552)
at org.openqa.selenium.remote.RemoteWebDriver.findElement(RemoteWebDriver.java:323)
at org.openqa.selenium.remote.RemoteWebDriver.findElementByXPath(RemoteWebDriver.java:428)
at org.openqa.selenium.By$ByXPath.findElement(By.java:353)
at org.openqa.selenium.remote.RemoteWebDriver.findElement(RemoteWebDriver.java:315)
at org.openqa.selenium.support.pagefactory.DefaultElementLocator.findElement(DefaultElementLocator.java:69)
at org.openqa.selenium.support.pagefactory.internal.LocatingElementHandler.invoke(LocatingElementHandler.java:38)
at jdk.proxy2/jdk.proxy2.$Proxy13.click(Unknown Source)
at pages.PGPage.pg(PGPage.java:39)
at tests.AllTest.PG(AllTest.java:77)
at java.base/jdk.internal.reflect.DirectMethodHandleAccessor.invoke(DirectMethodHandleAccessor.java:104)
at java.base/java.lang.reflect.Method.invoke(Method.java:577)
at org.testng.internal.MethodInvocationHelper.invokeMethod(MethodInvocationHelper.java:133)
at org.testng.internal.TestInvoker.invokeMethod(TestInvoker.java:598)
at org.testng.internal.TestInvoker.invokeTestMethod(TestInvoker.java:173)
at org.testng.internal.MethodRunner.runInSequence(MethodRunner.java:46)
at org.testng.internal.TestInvoker$MethodInvocationAgent.invoke(TestInvoker.java:824)
at org.testng.internal.TestInvoker.invokeTestMethods(TestInvoker.java:146)
at org.testng.internal.TestMethodWorker.invokeTestMethods(TestMethodWorker.java:146)
at org.testng.internal.TestMethodWorker.run(TestMethodWorker.java:128)
at java.base/java.util.ArrayList.forEach(ArrayList.java:1511)
at org.testng.TestRunner.privateRun(TestRunner.java:794)
at org.testng.TestRunner.run(TestRunner.java:596)
at org.testng.SuiteRunner.runTest(SuiteRunner.java:377)
at org.testng.SuiteRunner.runSequentially(SuiteRunner.java:371)
at org.testng.SuiteRunner.privateRun(SuiteRunner.java:332)
at org.testng.SuiteRunner.run(SuiteRunner.java:276)
at org.testng.SuiteRunnerWorker.runSuite(SuiteRunnerWorker.java:53)
at org.testng.SuiteRunnerWorker.run(SuiteRunnerWorker.java:96)
at org.testng.TestNG.runSuitesSequentially(TestNG.java:1212)
at org.testng.TestNG.runSuitesLocally(TestNG.java:1134)
at org.testng.TestNG.runSuites(TestNG.java:1063)
at org.testng.TestNG.run(TestNG.java:1031)
at org.testng.remote.AbstractRemoteTestNG.run(AbstractRemoteTestNG.java:115)
at org.testng.remote.RemoteTestNG.initAndRun(RemoteTestNG.java:251)
at org.testng.remote.RemoteTestNG.main(RemoteTestNG.java:77)
]]>
            </full-stacktrace>
          </exception> <!-- org.openqa.selenium.NoSuchElementException -->
          <reporter-output>
          </reporter-output>
        </test-method> <!-- PG -->
        <test-method signature="PostAdd()[pri:5, instance:tests.AllTest@2145b572]" started-at="2022-06-05T18:24:13 IST" name="PostAdd" finished-at="2022-06-05T18:24:20 IST" duration-ms="6882" status="PASS">
          <reporter-output>
          </reporter-output>
        </test-method> <!-- PostAdd -->
        <test-method signature="Rent()[pri:6, instance:tests.AllTest@2145b572]" started-at="2022-06-05T18:24:20 IST" name="Rent" finished-at="2022-06-05T18:24:26 IST" duration-ms="5847" status="PASS">
          <reporter-output>
          </reporter-output>
        </test-method> <!-- Rent -->
        <test-method signature="Sellers_Plans()[pri:7, instance:tests.AllTest@2145b572]" started-at="2022-06-05T18:24:26 IST" name="Sellers_Plans" finished-at="2022-06-05T18:24:32 IST" duration-ms="6235" status="PASS">
          <reporter-output>
          </reporter-output>
        </test-method> <!-- Sellers_Plans -->
        <test-method signature="Sales_Agreement()[pri:8, instance:tests.AllTest@2145b572]" started-at="2022-06-05T18:24:32 IST" name="Sales_Agreement" finished-at="2022-06-05T18:24:37 IST" duration-ms="4303" status="PASS">
          <reporter-output>
          </reporter-output>
        </test-method> <!-- Sales_Agreement -->
        <test-method signature="Refer_Earn()[pri:9, instance:tests.AllTest@2145b572]" started-at="2022-06-05T18:24:37 IST" name="Refer_Earn" finished-at="2022-06-05T18:24:41 IST" duration-ms="3985" status="PASS">
          <reporter-output>
          </reporter-output>
        </test-method> <!-- Refer_Earn -->
        <test-method signature="Home_loan()[pri:10, instance:tests.AllTest@2145b572]" started-at="2022-06-05T18:24:41 IST" name="Home_loan" finished-at="2022-06-05T18:24:53 IST" duration-ms="12063" status="PASS">
          <reporter-output>
          </reporter-output>
        </test-method> <!-- Home_loan -->
        <test-method is-config="true" signature="tear()[pri:0, instance:tests.AllTest@2145b572]" started-at="2022-06-05T18:24:53 IST" name="tear" finished-at="2022-06-05T18:24:53 IST" duration-ms="643" status="PASS">
          <reporter-output>
          </reporter-output>
        </test-method> <!-- tear -->
      </class> <!-- tests.AllTest -->
      <class name="tests.Paywithcreditcard">
        <test-method is-config="true" signature="setup()[pri:0, instance:tests.Paywithcreditcard@7ed7259e]" started-at="2022-06-05T18:24:53 IST" name="setup" finished-at="2022-06-05T18:24:55 IST" duration-ms="1443" status="PASS">
          <reporter-output>
            <line>
              <![CDATA[setting Done]]>
            </line>
          </reporter-output>
        </test-method> <!-- setup -->
        <test-method signature="test3()[pri:0, instance:tests.Paywithcreditcard@7ed7259e]" started-at="2022-06-05T18:24:55 IST" name="test3" finished-at="2022-06-05T18:25:34 IST" duration-ms="39137" status="PASS">
          <reporter-output>
          </reporter-output>
        </test-method> <!-- test3 -->
        <test-method is-config="true" signature="tear()[pri:0, instance:tests.Paywithcreditcard@7ed7259e]" started-at="2022-06-05T18:25:34 IST" name="tear" finished-at="2022-06-05T18:25:34 IST" duration-ms="153" status="PASS">
          <reporter-output>
          </reporter-output>
        </test-method> <!-- tear -->
      </class> <!-- tests.Paywithcreditcard -->
    </test> <!-- Test -->
  </suite> <!-- Suite -->
</testng-results>
